# JRE version: Java(TM) SE Runtime Environment (8.0_201-b09) (build 1.8.0_201-b09)
# Java VM: Java HotSpot(TM) 64-Bit Server VM (25.201-b09 mixed mode linux-amd64 compressed oops)
Heap:
 PSYoungGen      total 139264K, used 10217K [0x000000076d180000, 0x0000000776380000, 0x00000007c0000000)
  eden space 129024K, 0% used [0x000000076d180000,0x000000076d180000,0x0000000774f80000)
  from space 10240K, 99% used [0x0000000774f80000,0x000000077597a798,0x0000000775980000)
  to   space 10240K, 0% used [0x0000000775980000,0x0000000775980000,0x0000000776380000)
 ParOldGen       total 171008K, used 42832K [0x00000006c7400000, 0x00000006d1b00000, 0x000000076d180000)
  object space 171008K, 25% used [0x00000006c7400000,0x00000006c9dd41a8,0x00000006d1b00000)
 Metaspace       used 20982K, capacity 21092K, committed 21296K, reserved 1067008K
  class space    used 3138K, capacity 3152K, committed 3200K, reserved 1048576K
GC Heap History (5 events):
Event: 2.085 GC heap before
{Heap before GC invocations=1 (full 0):
 PSYoungGen      total 74752K, used 64512K [0x000000076d180000, 0x0000000772480000, 0x00000007c0000000)
  eden space 64512K, 100% used [0x000000076d180000,0x0000000771080000,0x0000000771080000)
  from space 10240K, 0% used [0x0000000771a80000,0x0000000771a80000,0x0000000772480000)
  to   space 10240K, 0% used [0x0000000771080000,0x0000000771080000,0x0000000771a80000)
 ParOldGen       total 171008K, used 0K [0x00000006c7400000, 0x00000006d1b00000, 0x000000076d180000)
  object space 171008K, 0% used [0x00000006c7400000,0x00000006c7400000,0x00000006d1b00000)
 Metaspace       used 14120K, capacity 14560K, committed 14848K, reserved 1062912K
  class space    used 2236K, capacity 2256K, committed 2304K, reserved 1048576K
Event: 2.112 GC heap after
Heap after GC invocations=1 (full 0):
 PSYoungGen      total 74752K, used 10236K [0x000000076d180000, 0x0000000776380000, 0x00000007c0000000)
  eden space 64512K, 0% used [0x000000076d180000,0x000000076d180000,0x0000000771080000)
  from space 10240K, 99% used [0x0000000771080000,0x0000000771a7f148,0x0000000771a80000)
  to   space 10240K, 0% used [0x0000000775980000,0x0000000775980000,0x0000000776380000)
 ParOldGen       total 171008K, used 1555K [0x00000006c7400000, 0x00000006d1b00000, 0x000000076d180000)
  object space 171008K, 0% used [0x00000006c7400000,0x00000006c7584f58,0x00000006d1b00000)
 Metaspace       used 14120K, capacity 14560K, committed 14848K, reserved 1062912K
  class space    used 2236K, capacity 2256K, committed 2304K, reserved 1048576K
}
Event: 2.990 GC heap before
{Heap before GC invocations=2 (full 0):
 PSYoungGen      total 74752K, used 74748K [0x000000076d180000, 0x0000000776380000, 0x00000007c0000000)
  eden space 64512K, 100% used [0x000000076d180000,0x0000000771080000,0x0000000771080000)
  from space 10240K, 99% used [0x0000000771080000,0x0000000771a7f148,0x0000000771a80000)
  to   space 10240K, 0% used [0x0000000775980000,0x0000000775980000,0x0000000776380000)
 ParOldGen       total 171008K, used 1555K [0x00000006c7400000, 0x00000006d1b00000, 0x000000076d180000)
  object space 171008K, 0% used [0x00000006c7400000,0x00000006c7584f58,0x00000006d1b00000)
 Metaspace       used 16547K, capacity 16736K, committed 17024K, reserved 1062912K
  class space    used 2626K, capacity 2640K, committed 2688K, reserved 1048576K
Event: 3.159 GC heap after
Heap after GC invocations=2 (full 0):
 PSYoungGen      total 139264K, used 10224K [0x000000076d180000, 0x0000000776380000, 0x00000007c0000000)
  eden space 129024K, 0% used [0x000000076d180000,0x000000076d180000,0x0000000774f80000)
  from space 10240K, 99% used [0x0000000775980000,0x000000077637c080,0x0000000776380000)
  to   space 10240K, 0% used [0x0000000774f80000,0x0000000774f80000,0x0000000775980000)
 ParOldGen       total 171008K, used 25873K [0x00000006c7400000, 0x00000006d1b00000, 0x000000076d180000)
  object space 171008K, 15% used [0x00000006c7400000,0x00000006c8d44778,0x00000006d1b00000)
 Metaspace       used 16547K, capacity 16736K, committed 17024K, reserved 1062912K
  class space    used 2626K, capacity 2640K, committed 2688K, reserved 1048576K
}
Event: 4.086 GC heap before
{Heap before GC invocations=3 (full 0):
 PSYoungGen      total 139264K, used 60456K [0x000000076d180000, 0x0000000776380000, 0x00000007c0000000)
  eden space 129024K, 38% used [0x000000076d180000,0x000000077028e250,0x0000000774f80000)
  from space 10240K, 99% used [0x0000000775980000,0x000000077637c080,0x0000000776380000)
  to   space 10240K, 0% used [0x0000000774f80000,0x0000000774f80000,0x0000000775980000)
 ParOldGen       total 171008K, used 25873K [0x00000006c7400000, 0x00000006d1b00000, 0x000000076d180000)
  object space 171008K, 15% used [0x00000006c7400000,0x00000006c8d44778,0x00000006d1b00000)
 Metaspace       used 20982K, capacity 21092K, committed 21296K, reserved 1067008K
  class space    used 3138K, capacity 3152K, committed 3200K, reserved 1048576K

